----------------------------------------
Timestamp: 4/10/2015 8:29:21 AM

Message: There is no 'unity' configuration for 'IUnityContainer' in config file.

Category: General

App Domain: HBD.Applications.ManagerTools.exe

ProcessId: 6236

Process Name: D:\Steven\HBD.Framework\!Applications\ManagerTools\HBD.Applications.ManagerTools.exe

----------------------------------------
----------------------------------------
Timestamp: 4/10/2015 8:29:21 AM

Message: Invoking method 'Void InitialPlugin()'

Category: General

App Domain: HBD.Applications.ManagerTools.exe

ProcessId: 6236

Process Name: D:\Steven\HBD.Framework\!Applications\ManagerTools\HBD.Applications.ManagerTools.exe

----------------------------------------
----------------------------------------
Timestamp: 4/10/2015 8:29:21 AM

Message: Method 'Void InitialPlugin()' returned ''

Category: General

App Domain: HBD.Applications.ManagerTools.exe

ProcessId: 6236

Process Name: D:\Steven\HBD.Framework\!Applications\ManagerTools\HBD.Applications.ManagerTools.exe

----------------------------------------
----------------------------------------
Timestamp: 4/10/2015 8:29:21 AM

Message: Invoking method 'HBD.Framework.Plugin.Configuration.PluginSection get_Plugins()'

Category: General

App Domain: HBD.Applications.ManagerTools.exe

ProcessId: 6236

Process Name: D:\Steven\HBD.Framework\!Applications\ManagerTools\HBD.Applications.ManagerTools.exe

----------------------------------------
----------------------------------------
Timestamp: 4/10/2015 8:29:21 AM

Message: Method 'HBD.Framework.Plugin.Configuration.PluginSection get_Plugins()' returned 'HBD.Framework.Plugin.Configuration.PluginSection'

Category: General

App Domain: HBD.Applications.ManagerTools.exe

ProcessId: 6236

Process Name: D:\Steven\HBD.Framework\!Applications\ManagerTools\HBD.Applications.ManagerTools.exe

----------------------------------------
----------------------------------------
Timestamp: 4/10/2015 8:29:25 AM

Message: Invoking method 'HBD.WinForms.Controls.Core.IHBDViewBase GetWinFormPlugin(System.String)'

Category: General

App Domain: HBD.Applications.ManagerTools.exe

ProcessId: 6236

Process Name: D:\Steven\HBD.Framework\!Applications\ManagerTools\HBD.Applications.ManagerTools.exe

----------------------------------------
----------------------------------------
Timestamp: 4/10/2015 8:29:25 AM

Message: Method 'HBD.WinForms.Controls.Core.IHBDViewBase GetWinFormPlugin(System.String)' returned 'HBD.WinForms.Controls.Comparison.ComparisonView'

Category: General

App Domain: HBD.Applications.ManagerTools.exe

ProcessId: 6236

Process Name: D:\Steven\HBD.Framework\!Applications\ManagerTools\HBD.Applications.ManagerTools.exe

----------------------------------------
----------------------------------------
Timestamp: 4/10/2015 8:40:55 AM

Message: There is no 'unity' configuration for 'IUnityContainer' in config file.

Category: General

App Domain: HBD.Applications.ManagerTools.vshost.exe

ProcessId: 5872

Process Name: D:\Steven\HBD.Framework\!Applications\ManagerTools\HBD.Applications.ManagerTools.vshost.exe

----------------------------------------
----------------------------------------
Timestamp: 4/10/2015 8:40:55 AM

Message: Invoking method 'Void InitialPlugin()'

Category: General

App Domain: HBD.Applications.ManagerTools.vshost.exe

ProcessId: 5872

Process Name: D:\Steven\HBD.Framework\!Applications\ManagerTools\HBD.Applications.ManagerTools.vshost.exe

----------------------------------------
----------------------------------------
Timestamp: 4/10/2015 8:40:56 AM

Message: Method 'Void InitialPlugin()' returned ''

Category: General

App Domain: HBD.Applications.ManagerTools.vshost.exe

ProcessId: 5872

Process Name: D:\Steven\HBD.Framework\!Applications\ManagerTools\HBD.Applications.ManagerTools.vshost.exe

----------------------------------------
----------------------------------------
Timestamp: 4/10/2015 8:40:56 AM

Message: Invoking method 'HBD.Framework.Plugin.Configuration.PluginSection get_Plugins()'

Category: General

App Domain: HBD.Applications.ManagerTools.vshost.exe

ProcessId: 5872

Process Name: D:\Steven\HBD.Framework\!Applications\ManagerTools\HBD.Applications.ManagerTools.vshost.exe

----------------------------------------
----------------------------------------
Timestamp: 4/10/2015 8:40:56 AM

Message: Method 'HBD.Framework.Plugin.Configuration.PluginSection get_Plugins()' returned 'HBD.Framework.Plugin.Configuration.PluginSection'

Category: General

App Domain: HBD.Applications.ManagerTools.vshost.exe

ProcessId: 5872

Process Name: D:\Steven\HBD.Framework\!Applications\ManagerTools\HBD.Applications.ManagerTools.vshost.exe

----------------------------------------
----------------------------------------
Timestamp: 4/10/2015 8:41:36 AM

Message: Invoking method 'HBD.WinForms.Controls.Core.IHBDViewBase GetWinFormPlugin(System.String)'

Category: General

App Domain: HBD.Applications.ManagerTools.vshost.exe

ProcessId: 5872

Process Name: D:\Steven\HBD.Framework\!Applications\ManagerTools\HBD.Applications.ManagerTools.vshost.exe

----------------------------------------
----------------------------------------
Timestamp: 4/10/2015 8:41:37 AM

Message: Method 'HBD.WinForms.Controls.Core.IHBDViewBase GetWinFormPlugin(System.String)' returned 'HBD.WinForms.Controls.Comparison.ComparisonView'

Category: General

App Domain: HBD.Applications.ManagerTools.vshost.exe

ProcessId: 5872

Process Name: D:\Steven\HBD.Framework\!Applications\ManagerTools\HBD.Applications.ManagerTools.vshost.exe

----------------------------------------
----------------------------------------
Timestamp: 4/10/2015 8:45:22 AM

Message: There is no 'unity' configuration for 'IUnityContainer' in config file.

Category: General

App Domain: HBD.Applications.ManagerTools.vshost.exe

ProcessId: 8872

Process Name: D:\Steven\HBD.Framework\!Applications\ManagerTools\HBD.Applications.ManagerTools.vshost.exe

----------------------------------------
----------------------------------------
Timestamp: 4/10/2015 8:45:22 AM

Message: Invoking method 'Void InitialPlugin()'

Category: General

App Domain: HBD.Applications.ManagerTools.vshost.exe

ProcessId: 8872

Process Name: D:\Steven\HBD.Framework\!Applications\ManagerTools\HBD.Applications.ManagerTools.vshost.exe

----------------------------------------
----------------------------------------
Timestamp: 4/10/2015 8:45:22 AM

Message: Method 'Void InitialPlugin()' returned ''

Category: General

App Domain: HBD.Applications.ManagerTools.vshost.exe

ProcessId: 8872

Process Name: D:\Steven\HBD.Framework\!Applications\ManagerTools\HBD.Applications.ManagerTools.vshost.exe

----------------------------------------
----------------------------------------
Timestamp: 4/10/2015 8:45:22 AM

Message: Invoking method 'HBD.Framework.Plugin.Configuration.PluginSection get_Plugins()'

Category: General

App Domain: HBD.Applications.ManagerTools.vshost.exe

ProcessId: 8872

Process Name: D:\Steven\HBD.Framework\!Applications\ManagerTools\HBD.Applications.ManagerTools.vshost.exe

----------------------------------------
----------------------------------------
Timestamp: 4/10/2015 8:45:22 AM

Message: Method 'HBD.Framework.Plugin.Configuration.PluginSection get_Plugins()' returned 'HBD.Framework.Plugin.Configuration.PluginSection'

Category: General

App Domain: HBD.Applications.ManagerTools.vshost.exe

ProcessId: 8872

Process Name: D:\Steven\HBD.Framework\!Applications\ManagerTools\HBD.Applications.ManagerTools.vshost.exe

----------------------------------------
----------------------------------------
Timestamp: 4/10/2015 8:48:48 AM

Message: There is no 'unity' configuration for 'IUnityContainer' in config file.

Category: General

App Domain: HBD.Applications.ManagerTools.vshost.exe

ProcessId: 8696

Process Name: D:\Steven\HBD.Framework\!Applications\ManagerTools\HBD.Applications.ManagerTools.vshost.exe

----------------------------------------
----------------------------------------
Timestamp: 4/10/2015 8:48:48 AM

Message: Invoking method 'Void InitialPlugin()'

Category: General

App Domain: HBD.Applications.ManagerTools.vshost.exe

ProcessId: 8696

Process Name: D:\Steven\HBD.Framework\!Applications\ManagerTools\HBD.Applications.ManagerTools.vshost.exe

----------------------------------------
----------------------------------------
Timestamp: 4/10/2015 8:48:48 AM

Message: Method 'Void InitialPlugin()' returned ''

Category: General

App Domain: HBD.Applications.ManagerTools.vshost.exe

ProcessId: 8696

Process Name: D:\Steven\HBD.Framework\!Applications\ManagerTools\HBD.Applications.ManagerTools.vshost.exe

----------------------------------------
----------------------------------------
Timestamp: 4/10/2015 8:48:48 AM

Message: Invoking method 'HBD.Framework.Plugin.Configuration.PluginSection get_Plugins()'

Category: General

App Domain: HBD.Applications.ManagerTools.vshost.exe

ProcessId: 8696

Process Name: D:\Steven\HBD.Framework\!Applications\ManagerTools\HBD.Applications.ManagerTools.vshost.exe

----------------------------------------
----------------------------------------
Timestamp: 4/10/2015 8:48:48 AM

Message: Method 'HBD.Framework.Plugin.Configuration.PluginSection get_Plugins()' returned 'HBD.Framework.Plugin.Configuration.PluginSection'

Category: General

App Domain: HBD.Applications.ManagerTools.vshost.exe

ProcessId: 8696

Process Name: D:\Steven\HBD.Framework\!Applications\ManagerTools\HBD.Applications.ManagerTools.vshost.exe

----------------------------------------
----------------------------------------
Timestamp: 4/10/2015 8:49:12 AM

Message: Invoking method 'HBD.WinForms.Controls.Core.IHBDViewBase GetWinFormPlugin(System.String)'

Category: General

App Domain: HBD.Applications.ManagerTools.vshost.exe

ProcessId: 8696

Process Name: D:\Steven\HBD.Framework\!Applications\ManagerTools\HBD.Applications.ManagerTools.vshost.exe

----------------------------------------
----------------------------------------
Timestamp: 4/10/2015 8:49:12 AM

Message: Method 'HBD.WinForms.Controls.Core.IHBDViewBase GetWinFormPlugin(System.String)' returned 'HBD.WinForms.Controls.Comparison.ComparisonView'

Category: General

App Domain: HBD.Applications.ManagerTools.vshost.exe

ProcessId: 8696

Process Name: D:\Steven\HBD.Framework\!Applications\ManagerTools\HBD.Applications.ManagerTools.vshost.exe

----------------------------------------
----------------------------------------
Timestamp: 4/10/2015 8:52:00 AM

Message: There is no 'unity' configuration for 'IUnityContainer' in config file.

Category: General

App Domain: HBD.Applications.ManagerTools.vshost.exe

ProcessId: 1188

Process Name: D:\Steven\HBD.Framework\!Applications\ManagerTools\HBD.Applications.ManagerTools.vshost.exe

----------------------------------------
----------------------------------------
Timestamp: 4/10/2015 8:52:00 AM

Message: Invoking method 'Void InitialPlugin()'

Category: General

App Domain: HBD.Applications.ManagerTools.vshost.exe

ProcessId: 1188

Process Name: D:\Steven\HBD.Framework\!Applications\ManagerTools\HBD.Applications.ManagerTools.vshost.exe

----------------------------------------
----------------------------------------
Timestamp: 4/10/2015 8:52:00 AM

Message: Method 'Void InitialPlugin()' returned ''

Category: General

App Domain: HBD.Applications.ManagerTools.vshost.exe

ProcessId: 1188

Process Name: D:\Steven\HBD.Framework\!Applications\ManagerTools\HBD.Applications.ManagerTools.vshost.exe

----------------------------------------
----------------------------------------
Timestamp: 4/10/2015 8:52:00 AM

Message: Invoking method 'HBD.Framework.Plugin.Configuration.PluginSection get_Plugins()'

Category: General

App Domain: HBD.Applications.ManagerTools.vshost.exe

ProcessId: 1188

Process Name: D:\Steven\HBD.Framework\!Applications\ManagerTools\HBD.Applications.ManagerTools.vshost.exe

----------------------------------------
----------------------------------------
Timestamp: 4/10/2015 8:52:00 AM

Message: Method 'HBD.Framework.Plugin.Configuration.PluginSection get_Plugins()' returned 'HBD.Framework.Plugin.Configuration.PluginSection'

Category: General

App Domain: HBD.Applications.ManagerTools.vshost.exe

ProcessId: 1188

Process Name: D:\Steven\HBD.Framework\!Applications\ManagerTools\HBD.Applications.ManagerTools.vshost.exe

----------------------------------------
----------------------------------------
Timestamp: 4/10/2015 8:52:06 AM

Message: Invoking method 'HBD.WinForms.Controls.Core.IHBDViewBase GetWinFormPlugin(System.String)'

Category: General

App Domain: HBD.Applications.ManagerTools.vshost.exe

ProcessId: 1188

Process Name: D:\Steven\HBD.Framework\!Applications\ManagerTools\HBD.Applications.ManagerTools.vshost.exe

----------------------------------------
----------------------------------------
Timestamp: 4/10/2015 8:52:07 AM

Message: Method 'HBD.WinForms.Controls.Core.IHBDViewBase GetWinFormPlugin(System.String)' returned 'HBD.WinForms.Controls.Comparison.ComparisonView'

Category: General

App Domain: HBD.Applications.ManagerTools.vshost.exe

ProcessId: 1188

Process Name: D:\Steven\HBD.Framework\!Applications\ManagerTools\HBD.Applications.ManagerTools.vshost.exe

----------------------------------------
----------------------------------------
Timestamp: 4/10/2015 8:58:39 AM

Message: There is no 'unity' configuration for 'IUnityContainer' in config file.

Category: General

App Domain: HBD.Applications.ManagerTools.vshost.exe

ProcessId: 8964

Process Name: D:\Steven\HBD.Framework\!Applications\ManagerTools\HBD.Applications.ManagerTools.vshost.exe

----------------------------------------
----------------------------------------
Timestamp: 4/10/2015 8:58:39 AM

Message: Invoking method 'Void InitialPlugin()'

Category: General

App Domain: HBD.Applications.ManagerTools.vshost.exe

ProcessId: 8964

Process Name: D:\Steven\HBD.Framework\!Applications\ManagerTools\HBD.Applications.ManagerTools.vshost.exe

----------------------------------------
----------------------------------------
Timestamp: 4/10/2015 8:58:39 AM

Message: Method 'Void InitialPlugin()' returned ''

Category: General

App Domain: HBD.Applications.ManagerTools.vshost.exe

ProcessId: 8964

Process Name: D:\Steven\HBD.Framework\!Applications\ManagerTools\HBD.Applications.ManagerTools.vshost.exe

----------------------------------------
----------------------------------------
Timestamp: 4/10/2015 8:58:39 AM

Message: Invoking method 'HBD.Framework.Plugin.Configuration.PluginSection get_Plugins()'

Category: General

App Domain: HBD.Applications.ManagerTools.vshost.exe

ProcessId: 8964

Process Name: D:\Steven\HBD.Framework\!Applications\ManagerTools\HBD.Applications.ManagerTools.vshost.exe

----------------------------------------
----------------------------------------
Timestamp: 4/10/2015 8:58:39 AM

Message: Method 'HBD.Framework.Plugin.Configuration.PluginSection get_Plugins()' returned 'HBD.Framework.Plugin.Configuration.PluginSection'

Category: General

App Domain: HBD.Applications.ManagerTools.vshost.exe

ProcessId: 8964

Process Name: D:\Steven\HBD.Framework\!Applications\ManagerTools\HBD.Applications.ManagerTools.vshost.exe

----------------------------------------
----------------------------------------
Timestamp: 4/10/2015 8:58:50 AM

Message: Invoking method 'HBD.WinForms.Controls.Core.IHBDViewBase GetWinFormPlugin(System.String)'

Category: General

App Domain: HBD.Applications.ManagerTools.vshost.exe

ProcessId: 8964

Process Name: D:\Steven\HBD.Framework\!Applications\ManagerTools\HBD.Applications.ManagerTools.vshost.exe

----------------------------------------
----------------------------------------
Timestamp: 4/10/2015 8:58:51 AM

Message: Method 'HBD.WinForms.Controls.Core.IHBDViewBase GetWinFormPlugin(System.String)' returned 'HBD.WinForms.Controls.Comparison.ComparisonView'

Category: General

App Domain: HBD.Applications.ManagerTools.vshost.exe

ProcessId: 8964

Process Name: D:\Steven\HBD.Framework\!Applications\ManagerTools\HBD.Applications.ManagerTools.vshost.exe

----------------------------------------
----------------------------------------
Timestamp: 4/10/2015 9:57:38 AM

Message: There is no 'unity' configuration for 'IUnityContainer' in config file.

Category: General

App Domain: HBD.Applications.ManagerTools.vshost.exe

ProcessId: 7916

Process Name: D:\Steven\HBD.Framework\!Applications\ManagerTools\HBD.Applications.ManagerTools.vshost.exe

----------------------------------------
----------------------------------------
Timestamp: 4/10/2015 9:57:38 AM

Message: Invoking method 'Void InitialPlugin()'

Category: General

App Domain: HBD.Applications.ManagerTools.vshost.exe

ProcessId: 7916

Process Name: D:\Steven\HBD.Framework\!Applications\ManagerTools\HBD.Applications.ManagerTools.vshost.exe

----------------------------------------
----------------------------------------
Timestamp: 4/10/2015 9:57:38 AM

Message: Method 'Void InitialPlugin()' returned ''

Category: General

App Domain: HBD.Applications.ManagerTools.vshost.exe

ProcessId: 7916

Process Name: D:\Steven\HBD.Framework\!Applications\ManagerTools\HBD.Applications.ManagerTools.vshost.exe

----------------------------------------
----------------------------------------
Timestamp: 4/10/2015 9:57:38 AM

Message: Invoking method 'HBD.Framework.Plugin.Configuration.PluginSection get_Plugins()'

Category: General

App Domain: HBD.Applications.ManagerTools.vshost.exe

ProcessId: 7916

Process Name: D:\Steven\HBD.Framework\!Applications\ManagerTools\HBD.Applications.ManagerTools.vshost.exe

----------------------------------------
----------------------------------------
Timestamp: 4/10/2015 9:57:38 AM

Message: Method 'HBD.Framework.Plugin.Configuration.PluginSection get_Plugins()' returned 'HBD.Framework.Plugin.Configuration.PluginSection'

Category: General

App Domain: HBD.Applications.ManagerTools.vshost.exe

ProcessId: 7916

Process Name: D:\Steven\HBD.Framework\!Applications\ManagerTools\HBD.Applications.ManagerTools.vshost.exe

----------------------------------------
----------------------------------------
Timestamp: 4/10/2015 9:58:09 AM

Message: Invoking method 'HBD.WinForms.Controls.Core.IHBDViewBase GetWinFormPlugin(System.String)'

Category: General

App Domain: HBD.Applications.ManagerTools.vshost.exe

ProcessId: 7916

Process Name: D:\Steven\HBD.Framework\!Applications\ManagerTools\HBD.Applications.ManagerTools.vshost.exe

----------------------------------------
----------------------------------------
Timestamp: 4/10/2015 9:58:09 AM

Message: Method 'HBD.WinForms.Controls.Core.IHBDViewBase GetWinFormPlugin(System.String)' returned 'HBD.WinForms.Controls.Comparison.ComparisonView'

Category: General

App Domain: HBD.Applications.ManagerTools.vshost.exe

ProcessId: 7916

Process Name: D:\Steven\HBD.Framework\!Applications\ManagerTools\HBD.Applications.ManagerTools.vshost.exe

----------------------------------------
----------------------------------------
Timestamp: 4/10/2015 9:59:43 AM

Message: There is no 'unity' configuration for 'IUnityContainer' in config file.

Category: General

App Domain: HBD.Applications.ManagerTools.vshost.exe

ProcessId: 5544

Process Name: D:\Steven\HBD.Framework\!Applications\ManagerTools\HBD.Applications.ManagerTools.vshost.exe

----------------------------------------
----------------------------------------
Timestamp: 4/10/2015 9:59:43 AM

Message: Invoking method 'Void InitialPlugin()'

Category: General

App Domain: HBD.Applications.ManagerTools.vshost.exe

ProcessId: 5544

Process Name: D:\Steven\HBD.Framework\!Applications\ManagerTools\HBD.Applications.ManagerTools.vshost.exe

----------------------------------------
----------------------------------------
Timestamp: 4/10/2015 9:59:43 AM

Message: Method 'Void InitialPlugin()' returned ''

Category: General

App Domain: HBD.Applications.ManagerTools.vshost.exe

ProcessId: 5544

Process Name: D:\Steven\HBD.Framework\!Applications\ManagerTools\HBD.Applications.ManagerTools.vshost.exe

----------------------------------------
----------------------------------------
Timestamp: 4/10/2015 9:59:43 AM

Message: Invoking method 'HBD.Framework.Plugin.Configuration.PluginSection get_Plugins()'

Category: General

App Domain: HBD.Applications.ManagerTools.vshost.exe

ProcessId: 5544

Process Name: D:\Steven\HBD.Framework\!Applications\ManagerTools\HBD.Applications.ManagerTools.vshost.exe

----------------------------------------
----------------------------------------
Timestamp: 4/10/2015 9:59:43 AM

Message: Method 'HBD.Framework.Plugin.Configuration.PluginSection get_Plugins()' returned 'HBD.Framework.Plugin.Configuration.PluginSection'

Category: General

App Domain: HBD.Applications.ManagerTools.vshost.exe

ProcessId: 5544

Process Name: D:\Steven\HBD.Framework\!Applications\ManagerTools\HBD.Applications.ManagerTools.vshost.exe

----------------------------------------
----------------------------------------
Timestamp: 4/10/2015 9:59:50 AM

Message: Invoking method 'HBD.WinForms.Controls.Core.IHBDViewBase GetWinFormPlugin(System.String)'

Category: General

App Domain: HBD.Applications.ManagerTools.vshost.exe

ProcessId: 5544

Process Name: D:\Steven\HBD.Framework\!Applications\ManagerTools\HBD.Applications.ManagerTools.vshost.exe

----------------------------------------
----------------------------------------
Timestamp: 4/10/2015 9:59:51 AM

Message: Method 'HBD.WinForms.Controls.Core.IHBDViewBase GetWinFormPlugin(System.String)' returned 'HBD.WinForms.Controls.Comparison.ComparisonView'

Category: General

App Domain: HBD.Applications.ManagerTools.vshost.exe

ProcessId: 5544

Process Name: D:\Steven\HBD.Framework\!Applications\ManagerTools\HBD.Applications.ManagerTools.vshost.exe

----------------------------------------
----------------------------------------
Timestamp: 4/10/2015 10:01:39 AM

Message: There is no 'unity' configuration for 'IUnityContainer' in config file.

Category: General

App Domain: HBD.Applications.ManagerTools.vshost.exe

ProcessId: 7760

Process Name: D:\Steven\HBD.Framework\!Applications\ManagerTools\HBD.Applications.ManagerTools.vshost.exe

----------------------------------------
----------------------------------------
Timestamp: 4/10/2015 10:01:39 AM

Message: Invoking method 'Void InitialPlugin()'

Category: General

App Domain: HBD.Applications.ManagerTools.vshost.exe

ProcessId: 7760

Process Name: D:\Steven\HBD.Framework\!Applications\ManagerTools\HBD.Applications.ManagerTools.vshost.exe

----------------------------------------
----------------------------------------
Timestamp: 4/10/2015 10:01:39 AM

Message: Method 'Void InitialPlugin()' returned ''

Category: General

App Domain: HBD.Applications.ManagerTools.vshost.exe

ProcessId: 7760

Process Name: D:\Steven\HBD.Framework\!Applications\ManagerTools\HBD.Applications.ManagerTools.vshost.exe

----------------------------------------
----------------------------------------
Timestamp: 4/10/2015 10:01:39 AM

Message: Invoking method 'HBD.Framework.Plugin.Configuration.PluginSection get_Plugins()'

Category: General

App Domain: HBD.Applications.ManagerTools.vshost.exe

ProcessId: 7760

Process Name: D:\Steven\HBD.Framework\!Applications\ManagerTools\HBD.Applications.ManagerTools.vshost.exe

----------------------------------------
----------------------------------------
Timestamp: 4/10/2015 10:01:39 AM

Message: Method 'HBD.Framework.Plugin.Configuration.PluginSection get_Plugins()' returned 'HBD.Framework.Plugin.Configuration.PluginSection'

Category: General

App Domain: HBD.Applications.ManagerTools.vshost.exe

ProcessId: 7760

Process Name: D:\Steven\HBD.Framework\!Applications\ManagerTools\HBD.Applications.ManagerTools.vshost.exe

----------------------------------------
----------------------------------------
Timestamp: 4/10/2015 10:01:47 AM

Message: Invoking method 'HBD.WinForms.Controls.Core.IHBDViewBase GetWinFormPlugin(System.String)'

Category: General

App Domain: HBD.Applications.ManagerTools.vshost.exe

ProcessId: 7760

Process Name: D:\Steven\HBD.Framework\!Applications\ManagerTools\HBD.Applications.ManagerTools.vshost.exe

----------------------------------------
----------------------------------------
Timestamp: 4/10/2015 10:01:47 AM

Message: Method 'HBD.WinForms.Controls.Core.IHBDViewBase GetWinFormPlugin(System.String)' returned 'HBD.WinForms.Controls.Comparison.ComparisonView'

Category: General

App Domain: HBD.Applications.ManagerTools.vshost.exe

ProcessId: 7760

Process Name: D:\Steven\HBD.Framework\!Applications\ManagerTools\HBD.Applications.ManagerTools.vshost.exe

----------------------------------------
----------------------------------------
Timestamp: 4/10/2015 10:03:39 AM

Message: There is no 'unity' configuration for 'IUnityContainer' in config file.

Category: General

App Domain: HBD.Applications.ManagerTools.vshost.exe

ProcessId: 7448

Process Name: D:\Steven\HBD.Framework\!Applications\ManagerTools\HBD.Applications.ManagerTools.vshost.exe

----------------------------------------
----------------------------------------
Timestamp: 4/10/2015 10:03:39 AM

Message: Invoking method 'Void InitialPlugin()'

Category: General

App Domain: HBD.Applications.ManagerTools.vshost.exe

ProcessId: 7448

Process Name: D:\Steven\HBD.Framework\!Applications\ManagerTools\HBD.Applications.ManagerTools.vshost.exe

----------------------------------------
----------------------------------------
Timestamp: 4/10/2015 10:03:39 AM

Message: Method 'Void InitialPlugin()' returned ''

Category: General

App Domain: HBD.Applications.ManagerTools.vshost.exe

ProcessId: 7448

Process Name: D:\Steven\HBD.Framework\!Applications\ManagerTools\HBD.Applications.ManagerTools.vshost.exe

----------------------------------------
----------------------------------------
Timestamp: 4/10/2015 10:03:39 AM

Message: Invoking method 'HBD.Framework.Plugin.Configuration.PluginSection get_Plugins()'

Category: General

App Domain: HBD.Applications.ManagerTools.vshost.exe

ProcessId: 7448

Process Name: D:\Steven\HBD.Framework\!Applications\ManagerTools\HBD.Applications.ManagerTools.vshost.exe

----------------------------------------
----------------------------------------
Timestamp: 4/10/2015 10:03:39 AM

Message: Method 'HBD.Framework.Plugin.Configuration.PluginSection get_Plugins()' returned 'HBD.Framework.Plugin.Configuration.PluginSection'

Category: General

App Domain: HBD.Applications.ManagerTools.vshost.exe

ProcessId: 7448

Process Name: D:\Steven\HBD.Framework\!Applications\ManagerTools\HBD.Applications.ManagerTools.vshost.exe

----------------------------------------
----------------------------------------
Timestamp: 4/10/2015 10:04:03 AM

Message: Invoking method 'HBD.WinForms.Controls.Core.IHBDViewBase GetWinFormPlugin(System.String)'

Category: General

App Domain: HBD.Applications.ManagerTools.vshost.exe

ProcessId: 7448

Process Name: D:\Steven\HBD.Framework\!Applications\ManagerTools\HBD.Applications.ManagerTools.vshost.exe

----------------------------------------
----------------------------------------
Timestamp: 4/10/2015 10:04:03 AM

Message: Method 'HBD.WinForms.Controls.Core.IHBDViewBase GetWinFormPlugin(System.String)' returned 'HBD.WinForms.Controls.Comparison.ComparisonView'

Category: General

App Domain: HBD.Applications.ManagerTools.vshost.exe

ProcessId: 7448

Process Name: D:\Steven\HBD.Framework\!Applications\ManagerTools\HBD.Applications.ManagerTools.vshost.exe

----------------------------------------
----------------------------------------
Timestamp: 4/10/2015 10:13:30 AM

Message: There is no 'unity' configuration for 'IUnityContainer' in config file.

Category: General

App Domain: HBD.Applications.ManagerTools.vshost.exe

ProcessId: 9272

Process Name: D:\Steven\HBD.Framework\!Applications\ManagerTools\HBD.Applications.ManagerTools.vshost.exe

----------------------------------------
----------------------------------------
Timestamp: 4/10/2015 10:13:30 AM

Message: Invoking method 'Void InitialPlugin()'

Category: General

App Domain: HBD.Applications.ManagerTools.vshost.exe

ProcessId: 9272

Process Name: D:\Steven\HBD.Framework\!Applications\ManagerTools\HBD.Applications.ManagerTools.vshost.exe

----------------------------------------
----------------------------------------
Timestamp: 4/10/2015 10:13:30 AM

Message: Method 'Void InitialPlugin()' returned ''

Category: General

App Domain: HBD.Applications.ManagerTools.vshost.exe

ProcessId: 9272

Process Name: D:\Steven\HBD.Framework\!Applications\ManagerTools\HBD.Applications.ManagerTools.vshost.exe

----------------------------------------
----------------------------------------
Timestamp: 4/10/2015 10:13:30 AM

Message: Invoking method 'HBD.Framework.Plugin.Configuration.PluginSection get_Plugins()'

Category: General

App Domain: HBD.Applications.ManagerTools.vshost.exe

ProcessId: 9272

Process Name: D:\Steven\HBD.Framework\!Applications\ManagerTools\HBD.Applications.ManagerTools.vshost.exe

----------------------------------------
----------------------------------------
Timestamp: 4/10/2015 10:13:30 AM

Message: Method 'HBD.Framework.Plugin.Configuration.PluginSection get_Plugins()' returned 'HBD.Framework.Plugin.Configuration.PluginSection'

Category: General

App Domain: HBD.Applications.ManagerTools.vshost.exe

ProcessId: 9272

Process Name: D:\Steven\HBD.Framework\!Applications\ManagerTools\HBD.Applications.ManagerTools.vshost.exe

----------------------------------------
----------------------------------------
Timestamp: 4/10/2015 10:14:40 AM

Message: Invoking method 'HBD.WinForms.Controls.Core.IHBDViewBase GetWinFormPlugin(System.String)'

Category: General

App Domain: HBD.Applications.ManagerTools.vshost.exe

ProcessId: 9272

Process Name: D:\Steven\HBD.Framework\!Applications\ManagerTools\HBD.Applications.ManagerTools.vshost.exe

----------------------------------------
----------------------------------------
Timestamp: 4/10/2015 10:14:40 AM

Message: Method 'HBD.WinForms.Controls.Core.IHBDViewBase GetWinFormPlugin(System.String)' returned 'HBD.WinForms.Controls.Comparison.ComparisonView'

Category: General

App Domain: HBD.Applications.ManagerTools.vshost.exe

ProcessId: 9272

Process Name: D:\Steven\HBD.Framework\!Applications\ManagerTools\HBD.Applications.ManagerTools.vshost.exe

----------------------------------------
----------------------------------------
Timestamp: 4/10/2015 10:19:02 AM

Message: There is no 'unity' configuration for 'IUnityContainer' in config file.

Category: General

App Domain: HBD.Applications.ManagerTools.vshost.exe

ProcessId: 9472

Process Name: D:\Steven\HBD.Framework\!Applications\ManagerTools\HBD.Applications.ManagerTools.vshost.exe

----------------------------------------
----------------------------------------
Timestamp: 4/10/2015 10:19:02 AM

Message: Invoking method 'Void InitialPlugin()'

Category: General

App Domain: HBD.Applications.ManagerTools.vshost.exe

ProcessId: 9472

Process Name: D:\Steven\HBD.Framework\!Applications\ManagerTools\HBD.Applications.ManagerTools.vshost.exe

----------------------------------------
----------------------------------------
Timestamp: 4/10/2015 10:19:02 AM

Message: Method 'Void InitialPlugin()' returned ''

Category: General

App Domain: HBD.Applications.ManagerTools.vshost.exe

ProcessId: 9472

Process Name: D:\Steven\HBD.Framework\!Applications\ManagerTools\HBD.Applications.ManagerTools.vshost.exe

----------------------------------------
----------------------------------------
Timestamp: 4/10/2015 10:19:02 AM

Message: Invoking method 'HBD.Framework.Plugin.Configuration.PluginSection get_Plugins()'

Category: General

App Domain: HBD.Applications.ManagerTools.vshost.exe

ProcessId: 9472

Process Name: D:\Steven\HBD.Framework\!Applications\ManagerTools\HBD.Applications.ManagerTools.vshost.exe

----------------------------------------
----------------------------------------
Timestamp: 4/10/2015 10:19:02 AM

Message: Method 'HBD.Framework.Plugin.Configuration.PluginSection get_Plugins()' returned 'HBD.Framework.Plugin.Configuration.PluginSection'

Category: General

App Domain: HBD.Applications.ManagerTools.vshost.exe

ProcessId: 9472

Process Name: D:\Steven\HBD.Framework\!Applications\ManagerTools\HBD.Applications.ManagerTools.vshost.exe

----------------------------------------
----------------------------------------
Timestamp: 4/10/2015 10:19:10 AM

Message: Invoking method 'HBD.WinForms.Controls.Core.IHBDViewBase GetWinFormPlugin(System.String)'

Category: General

App Domain: HBD.Applications.ManagerTools.vshost.exe

ProcessId: 9472

Process Name: D:\Steven\HBD.Framework\!Applications\ManagerTools\HBD.Applications.ManagerTools.vshost.exe

----------------------------------------
----------------------------------------
Timestamp: 4/10/2015 10:19:10 AM

Message: Method 'HBD.WinForms.Controls.Core.IHBDViewBase GetWinFormPlugin(System.String)' returned 'HBD.WinForms.Controls.Comparison.ComparisonView'

Category: General

App Domain: HBD.Applications.ManagerTools.vshost.exe

ProcessId: 9472

Process Name: D:\Steven\HBD.Framework\!Applications\ManagerTools\HBD.Applications.ManagerTools.vshost.exe

----------------------------------------
----------------------------------------
Timestamp: 4/10/2015 10:22:18 AM

Message: There is no 'unity' configuration for 'IUnityContainer' in config file.

Category: General

App Domain: HBD.Applications.ManagerTools.vshost.exe

ProcessId: 7452

Process Name: D:\Steven\HBD.Framework\!Applications\ManagerTools\HBD.Applications.ManagerTools.vshost.exe

----------------------------------------
----------------------------------------
Timestamp: 4/10/2015 10:22:18 AM

Message: Invoking method 'Void InitialPlugin()'

Category: General

App Domain: HBD.Applications.ManagerTools.vshost.exe

ProcessId: 7452

Process Name: D:\Steven\HBD.Framework\!Applications\ManagerTools\HBD.Applications.ManagerTools.vshost.exe

----------------------------------------
----------------------------------------
Timestamp: 4/10/2015 10:22:18 AM

Message: Method 'Void InitialPlugin()' returned ''

Category: General

App Domain: HBD.Applications.ManagerTools.vshost.exe

ProcessId: 7452

Process Name: D:\Steven\HBD.Framework\!Applications\ManagerTools\HBD.Applications.ManagerTools.vshost.exe

----------------------------------------
----------------------------------------
Timestamp: 4/10/2015 10:22:18 AM

Message: Invoking method 'HBD.Framework.Plugin.Configuration.PluginSection get_Plugins()'

Category: General

App Domain: HBD.Applications.ManagerTools.vshost.exe

ProcessId: 7452

Process Name: D:\Steven\HBD.Framework\!Applications\ManagerTools\HBD.Applications.ManagerTools.vshost.exe

----------------------------------------
----------------------------------------
Timestamp: 4/10/2015 10:22:18 AM

Message: Method 'HBD.Framework.Plugin.Configuration.PluginSection get_Plugins()' returned 'HBD.Framework.Plugin.Configuration.PluginSection'

Category: General

App Domain: HBD.Applications.ManagerTools.vshost.exe

ProcessId: 7452

Process Name: D:\Steven\HBD.Framework\!Applications\ManagerTools\HBD.Applications.ManagerTools.vshost.exe

----------------------------------------
----------------------------------------
Timestamp: 4/10/2015 10:22:33 AM

Message: Invoking method 'HBD.WinForms.Controls.Core.IHBDViewBase GetWinFormPlugin(System.String)'

Category: General

App Domain: HBD.Applications.ManagerTools.vshost.exe

ProcessId: 7452

Process Name: D:\Steven\HBD.Framework\!Applications\ManagerTools\HBD.Applications.ManagerTools.vshost.exe

----------------------------------------
----------------------------------------
Timestamp: 4/10/2015 10:22:33 AM

Message: Method 'HBD.WinForms.Controls.Core.IHBDViewBase GetWinFormPlugin(System.String)' returned 'HBD.WinForms.Controls.Comparison.ComparisonView'

Category: General

App Domain: HBD.Applications.ManagerTools.vshost.exe

ProcessId: 7452

Process Name: D:\Steven\HBD.Framework\!Applications\ManagerTools\HBD.Applications.ManagerTools.vshost.exe

----------------------------------------
----------------------------------------
Timestamp: 4/10/2015 10:23:40 AM

Message: There is no 'unity' configuration for 'IUnityContainer' in config file.

Category: General

App Domain: HBD.Applications.ManagerTools.vshost.exe

ProcessId: 9400

Process Name: D:\Steven\HBD.Framework\!Applications\ManagerTools\HBD.Applications.ManagerTools.vshost.exe

----------------------------------------
----------------------------------------
Timestamp: 4/10/2015 10:23:40 AM

Message: Invoking method 'Void InitialPlugin()'

Category: General

App Domain: HBD.Applications.ManagerTools.vshost.exe

ProcessId: 9400

Process Name: D:\Steven\HBD.Framework\!Applications\ManagerTools\HBD.Applications.ManagerTools.vshost.exe

----------------------------------------
----------------------------------------
Timestamp: 4/10/2015 10:23:40 AM

Message: Method 'Void InitialPlugin()' returned ''

Category: General

App Domain: HBD.Applications.ManagerTools.vshost.exe

ProcessId: 9400

Process Name: D:\Steven\HBD.Framework\!Applications\ManagerTools\HBD.Applications.ManagerTools.vshost.exe

----------------------------------------
----------------------------------------
Timestamp: 4/10/2015 10:23:40 AM

Message: Invoking method 'HBD.Framework.Plugin.Configuration.PluginSection get_Plugins()'

Category: General

App Domain: HBD.Applications.ManagerTools.vshost.exe

ProcessId: 9400

Process Name: D:\Steven\HBD.Framework\!Applications\ManagerTools\HBD.Applications.ManagerTools.vshost.exe

----------------------------------------
----------------------------------------
Timestamp: 4/10/2015 10:23:40 AM

Message: Method 'HBD.Framework.Plugin.Configuration.PluginSection get_Plugins()' returned 'HBD.Framework.Plugin.Configuration.PluginSection'

Category: General

App Domain: HBD.Applications.ManagerTools.vshost.exe

ProcessId: 9400

Process Name: D:\Steven\HBD.Framework\!Applications\ManagerTools\HBD.Applications.ManagerTools.vshost.exe

----------------------------------------
----------------------------------------
Timestamp: 4/10/2015 10:24:05 AM

Message: Invoking method 'HBD.WinForms.Controls.Core.IHBDViewBase GetWinFormPlugin(System.String)'

Category: General

App Domain: HBD.Applications.ManagerTools.vshost.exe

ProcessId: 9400

Process Name: D:\Steven\HBD.Framework\!Applications\ManagerTools\HBD.Applications.ManagerTools.vshost.exe

----------------------------------------
----------------------------------------
Timestamp: 4/10/2015 10:24:05 AM

Message: Method 'HBD.WinForms.Controls.Core.IHBDViewBase GetWinFormPlugin(System.String)' returned 'HBD.WinForms.Controls.Comparison.ComparisonView'

Category: General

App Domain: HBD.Applications.ManagerTools.vshost.exe

ProcessId: 9400

Process Name: D:\Steven\HBD.Framework\!Applications\ManagerTools\HBD.Applications.ManagerTools.vshost.exe

----------------------------------------
----------------------------------------
Timestamp: 4/10/2015 10:24:58 AM

Message: There is no 'unity' configuration for 'IUnityContainer' in config file.

Category: General

App Domain: HBD.Applications.ManagerTools.vshost.exe

ProcessId: 10180

Process Name: D:\Steven\HBD.Framework\!Applications\ManagerTools\HBD.Applications.ManagerTools.vshost.exe

----------------------------------------
----------------------------------------
Timestamp: 4/10/2015 10:24:58 AM

Message: Invoking method 'Void InitialPlugin()'

Category: General

App Domain: HBD.Applications.ManagerTools.vshost.exe

ProcessId: 10180

Process Name: D:\Steven\HBD.Framework\!Applications\ManagerTools\HBD.Applications.ManagerTools.vshost.exe

----------------------------------------
----------------------------------------
Timestamp: 4/10/2015 10:24:58 AM

Message: Method 'Void InitialPlugin()' returned ''

Category: General

App Domain: HBD.Applications.ManagerTools.vshost.exe

ProcessId: 10180

Process Name: D:\Steven\HBD.Framework\!Applications\ManagerTools\HBD.Applications.ManagerTools.vshost.exe

----------------------------------------
----------------------------------------
Timestamp: 4/10/2015 10:24:58 AM

Message: Invoking method 'HBD.Framework.Plugin.Configuration.PluginSection get_Plugins()'

Category: General

App Domain: HBD.Applications.ManagerTools.vshost.exe

ProcessId: 10180

Process Name: D:\Steven\HBD.Framework\!Applications\ManagerTools\HBD.Applications.ManagerTools.vshost.exe

----------------------------------------
----------------------------------------
Timestamp: 4/10/2015 10:24:58 AM

Message: Method 'HBD.Framework.Plugin.Configuration.PluginSection get_Plugins()' returned 'HBD.Framework.Plugin.Configuration.PluginSection'

Category: General

App Domain: HBD.Applications.ManagerTools.vshost.exe

ProcessId: 10180

Process Name: D:\Steven\HBD.Framework\!Applications\ManagerTools\HBD.Applications.ManagerTools.vshost.exe

----------------------------------------
----------------------------------------
Timestamp: 4/10/2015 10:25:08 AM

Message: Invoking method 'HBD.WinForms.Controls.Core.IHBDViewBase GetWinFormPlugin(System.String)'

Category: General

App Domain: HBD.Applications.ManagerTools.vshost.exe

ProcessId: 10180

Process Name: D:\Steven\HBD.Framework\!Applications\ManagerTools\HBD.Applications.ManagerTools.vshost.exe

----------------------------------------
----------------------------------------
Timestamp: 4/10/2015 10:25:08 AM

Message: Method 'HBD.WinForms.Controls.Core.IHBDViewBase GetWinFormPlugin(System.String)' returned 'HBD.WinForms.Controls.Comparison.ComparisonView'

Category: General

App Domain: HBD.Applications.ManagerTools.vshost.exe

ProcessId: 10180

Process Name: D:\Steven\HBD.Framework\!Applications\ManagerTools\HBD.Applications.ManagerTools.vshost.exe

----------------------------------------
----------------------------------------
Timestamp: 4/10/2015 10:37:27 AM

Message: There is no 'unity' configuration for 'IUnityContainer' in config file.

Category: General

App Domain: HBD.Applications.ManagerTools.vshost.exe

ProcessId: 1464

Process Name: D:\Steven\HBD.Framework\!Applications\ManagerTools\HBD.Applications.ManagerTools.vshost.exe

----------------------------------------
----------------------------------------
Timestamp: 4/10/2015 10:37:27 AM

Message: Invoking method 'Void InitialPlugin()'

Category: General

App Domain: HBD.Applications.ManagerTools.vshost.exe

ProcessId: 1464

Process Name: D:\Steven\HBD.Framework\!Applications\ManagerTools\HBD.Applications.ManagerTools.vshost.exe

----------------------------------------
----------------------------------------
Timestamp: 4/10/2015 10:37:27 AM

Message: Method 'Void InitialPlugin()' returned ''

Category: General

App Domain: HBD.Applications.ManagerTools.vshost.exe

ProcessId: 1464

Process Name: D:\Steven\HBD.Framework\!Applications\ManagerTools\HBD.Applications.ManagerTools.vshost.exe

----------------------------------------
----------------------------------------
Timestamp: 4/10/2015 10:37:27 AM

Message: Invoking method 'HBD.Framework.Plugin.Configuration.PluginSection get_Plugins()'

Category: General

App Domain: HBD.Applications.ManagerTools.vshost.exe

ProcessId: 1464

Process Name: D:\Steven\HBD.Framework\!Applications\ManagerTools\HBD.Applications.ManagerTools.vshost.exe

----------------------------------------
----------------------------------------
Timestamp: 4/10/2015 10:37:27 AM

Message: Method 'HBD.Framework.Plugin.Configuration.PluginSection get_Plugins()' returned 'HBD.Framework.Plugin.Configuration.PluginSection'

Category: General

App Domain: HBD.Applications.ManagerTools.vshost.exe

ProcessId: 1464

Process Name: D:\Steven\HBD.Framework\!Applications\ManagerTools\HBD.Applications.ManagerTools.vshost.exe

----------------------------------------
----------------------------------------
Timestamp: 4/10/2015 10:37:59 AM

Message: Invoking method 'HBD.WinForms.Controls.Core.IHBDViewBase GetWinFormPlugin(System.String)'

Category: General

App Domain: HBD.Applications.ManagerTools.vshost.exe

ProcessId: 1464

Process Name: D:\Steven\HBD.Framework\!Applications\ManagerTools\HBD.Applications.ManagerTools.vshost.exe

----------------------------------------
----------------------------------------
Timestamp: 4/10/2015 10:38:00 AM

Message: Method 'HBD.WinForms.Controls.Core.IHBDViewBase GetWinFormPlugin(System.String)' returned 'HBD.WinForms.Controls.Comparison.ComparisonView'

Category: General

App Domain: HBD.Applications.ManagerTools.vshost.exe

ProcessId: 1464

Process Name: D:\Steven\HBD.Framework\!Applications\ManagerTools\HBD.Applications.ManagerTools.vshost.exe

----------------------------------------
----------------------------------------
Timestamp: 4/10/2015 10:42:41 AM

Message: There is no 'unity' configuration for 'IUnityContainer' in config file.

Category: General

App Domain: HBD.Applications.ManagerTools.vshost.exe

ProcessId: 8340

Process Name: D:\Steven\HBD.Framework\!Applications\ManagerTools\HBD.Applications.ManagerTools.vshost.exe

----------------------------------------
----------------------------------------
Timestamp: 4/10/2015 10:42:41 AM

Message: Invoking method 'Void InitialPlugin()'

Category: General

App Domain: HBD.Applications.ManagerTools.vshost.exe

ProcessId: 8340

Process Name: D:\Steven\HBD.Framework\!Applications\ManagerTools\HBD.Applications.ManagerTools.vshost.exe

----------------------------------------
----------------------------------------
Timestamp: 4/10/2015 10:42:41 AM

Message: Method 'Void InitialPlugin()' returned ''

Category: General

App Domain: HBD.Applications.ManagerTools.vshost.exe

ProcessId: 8340

Process Name: D:\Steven\HBD.Framework\!Applications\ManagerTools\HBD.Applications.ManagerTools.vshost.exe

----------------------------------------
----------------------------------------
Timestamp: 4/10/2015 10:42:41 AM

Message: Invoking method 'HBD.Framework.Plugin.Configuration.PluginSection get_Plugins()'

Category: General

App Domain: HBD.Applications.ManagerTools.vshost.exe

ProcessId: 8340

Process Name: D:\Steven\HBD.Framework\!Applications\ManagerTools\HBD.Applications.ManagerTools.vshost.exe

----------------------------------------
----------------------------------------
Timestamp: 4/10/2015 10:42:41 AM

Message: Method 'HBD.Framework.Plugin.Configuration.PluginSection get_Plugins()' returned 'HBD.Framework.Plugin.Configuration.PluginSection'

Category: General

App Domain: HBD.Applications.ManagerTools.vshost.exe

ProcessId: 8340

Process Name: D:\Steven\HBD.Framework\!Applications\ManagerTools\HBD.Applications.ManagerTools.vshost.exe

----------------------------------------
----------------------------------------
Timestamp: 4/10/2015 10:43:19 AM

Message: Invoking method 'HBD.WinForms.Controls.Core.IHBDViewBase GetWinFormPlugin(System.String)'

Category: General

App Domain: HBD.Applications.ManagerTools.vshost.exe

ProcessId: 8340

Process Name: D:\Steven\HBD.Framework\!Applications\ManagerTools\HBD.Applications.ManagerTools.vshost.exe

----------------------------------------
----------------------------------------
Timestamp: 4/10/2015 10:43:19 AM

Message: Method 'HBD.WinForms.Controls.Core.IHBDViewBase GetWinFormPlugin(System.String)' returned 'HBD.WinForms.Controls.Comparison.ComparisonView'

Category: General

App Domain: HBD.Applications.ManagerTools.vshost.exe

ProcessId: 8340

Process Name: D:\Steven\HBD.Framework\!Applications\ManagerTools\HBD.Applications.ManagerTools.vshost.exe

----------------------------------------
----------------------------------------
Timestamp: 4/10/2015 10:48:10 AM

Message: There is no 'unity' configuration for 'IUnityContainer' in config file.

Category: General

App Domain: HBD.Applications.ManagerTools.vshost.exe

ProcessId: 8536

Process Name: D:\Steven\HBD.Framework\!Applications\ManagerTools\HBD.Applications.ManagerTools.vshost.exe

----------------------------------------
----------------------------------------
Timestamp: 4/10/2015 10:48:10 AM

Message: Invoking method 'Void InitialPlugin()'

Category: General

App Domain: HBD.Applications.ManagerTools.vshost.exe

ProcessId: 8536

Process Name: D:\Steven\HBD.Framework\!Applications\ManagerTools\HBD.Applications.ManagerTools.vshost.exe

----------------------------------------
----------------------------------------
Timestamp: 4/10/2015 10:48:10 AM

Message: Method 'Void InitialPlugin()' returned ''

Category: General

App Domain: HBD.Applications.ManagerTools.vshost.exe

ProcessId: 8536

Process Name: D:\Steven\HBD.Framework\!Applications\ManagerTools\HBD.Applications.ManagerTools.vshost.exe

----------------------------------------
----------------------------------------
Timestamp: 4/10/2015 10:48:10 AM

Message: Invoking method 'HBD.Framework.Plugin.Configuration.PluginSection get_Plugins()'

Category: General

App Domain: HBD.Applications.ManagerTools.vshost.exe

ProcessId: 8536

Process Name: D:\Steven\HBD.Framework\!Applications\ManagerTools\HBD.Applications.ManagerTools.vshost.exe

----------------------------------------
----------------------------------------
Timestamp: 4/10/2015 10:48:10 AM

Message: Method 'HBD.Framework.Plugin.Configuration.PluginSection get_Plugins()' returned 'HBD.Framework.Plugin.Configuration.PluginSection'

Category: General

App Domain: HBD.Applications.ManagerTools.vshost.exe

ProcessId: 8536

Process Name: D:\Steven\HBD.Framework\!Applications\ManagerTools\HBD.Applications.ManagerTools.vshost.exe

----------------------------------------
----------------------------------------
Timestamp: 4/10/2015 10:48:15 AM

Message: Invoking method 'HBD.WinForms.Controls.Core.IHBDViewBase GetWinFormPlugin(System.String)'

Category: General

App Domain: HBD.Applications.ManagerTools.vshost.exe

ProcessId: 8536

Process Name: D:\Steven\HBD.Framework\!Applications\ManagerTools\HBD.Applications.ManagerTools.vshost.exe

----------------------------------------
----------------------------------------
Timestamp: 4/10/2015 10:48:16 AM

Message: Method 'HBD.WinForms.Controls.Core.IHBDViewBase GetWinFormPlugin(System.String)' returned 'HBD.WinForms.Controls.Comparison.ComparisonView'

Category: General

App Domain: HBD.Applications.ManagerTools.vshost.exe

ProcessId: 8536

Process Name: D:\Steven\HBD.Framework\!Applications\ManagerTools\HBD.Applications.ManagerTools.vshost.exe

----------------------------------------
